[11684:15212:0302/021102.106:INFO:CONSOLE(0)] "Error with Feature-Policy header: Unrecognized feature: 'vibrate'.", source:  (0)
[11684:15212:0302/021102.181:INFO:CONSOLE(0)] "[DOM] Password field is not contained in a form: (More info: https://goo.gl/9p2vKq) %o", source: https://one.cy.edu.tw/web-sso/rest/Redirect/login/page/normal?returnUrl=https://one.cy.edu.tw/WebAuth.do (0)
[11684:15212:0302/021102.204:INFO:CONSOLE(0)] "Error with Feature-Policy header: Unrecognized feature: 'vibrate'.", source:  (0)
[11684:15212:0302/021102.205:INFO:CONSOLE(0)] "Error with Feature-Policy header: Unrecognized feature: 'vibrate'.", source:  (0)
[11684:15212:0302/021102.207:INFO:CONSOLE(174)] "randomSuccess 111", source: https://one.cy.edu.tw/web-sso/js/login.js?t=20220302021103.207 (174)
[11684:15212:0302/021103.852:INFO:CONSOLE(0)] "Error with Feature-Policy header: Unrecognized feature: 'vibrate'.", source:  (0)
[11684:15212:0302/021104.139:INFO:CONSOLE(0)] "Error with Feature-Policy header: Unrecognized feature: 'vibrate'.", source:  (0)
[11684:3628:0302/021105.937:ERROR:chrome_browser_main_extra_parts_metrics.cc(227)] START: ReportBluetoothAvailability(). If you don't see the END: message, this is crbug.com/1216328.
[11684:3628:0302/021105.937:ERROR:chrome_browser_main_extra_parts_metrics.cc(230)] END: ReportBluetoothAvailability()
[11684:3628:0302/021105.937:ERROR:chrome_browser_main_extra_parts_metrics.cc(235)] START: GetDefaultBrowser(). If you don't see the END: message, this is crbug.com/1216328.
[11684:3628:0302/021105.942:ERROR:chrome_browser_main_extra_parts_metrics.cc(239)] END: GetDefaultBrowser()
[11684:15212:0302/021107.351:INFO:CONSOLE(68)] "web-national_lib-app", source: https://one.cy.edu.tw/web-national_lib/javascript/web-national-lib-app.js?v=1646158265842 (68)
[11684:15212:0302/021107.650:INFO:CONSOLE(22)] "main_.yearRange =>  [object Object]", source: https://one.cy.edu.tw/web-national_lib/javascript/main.js?v=1646158265842 (22)
[11684:15212:0302/021107.650:INFO:CONSOLE(30)] "---loadUserRole---", source: https://one.cy.edu.tw/web-national_lib/javascript/main.js?v=1646158265842 (30)
[11684:15212:0302/021107.656:INFO:CONSOLE(43)] "---loadIndexData---", source: https://one.cy.edu.tw/web-national_lib/javascript/main.js?v=1646158265842 (43)
[11684:15212:0302/021107.656:INFO:CONSOLE(49)] "---進行圖館流通&書目館藏session資料初始化---", source: https://one.cy.edu.tw/web-national_lib/javascript/main.js?v=1646158265842 (49)
[11684:15212:0302/021107.673:INFO:CONSOLE(0)] "Refused to apply style from 'https://one.cy.edu.tw/web-resource/app/bower_components/fontawesome/css/font-awesome.css' because its MIME type ('text/html') is not a supported stylesheet MIME type, and strict MIME checking is enabled.", source: https://one.cy.edu.tw/web-module_list/rest/service/main# (0)
[11684:15212:0302/021107.679:INFO:CONSOLE(241)] "locale: TW", source: https://one.cy.edu.tw/web-resource/app/scripts-amd/directives/alleDatepicker.js?v=1646158265842 (241)
[11684:15212:0302/021107.688:INFO:CONSOLE(18)] "---WELCOME index_page----", source: https://one.cy.edu.tw/web-national_lib/javascript/index_page.js?v=1646158265842 (18)
[11684:15212:0302/021107.708:INFO:CONSOLE(5)] "webCmsPortalPublicService", source: https://one.cy.edu.tw/web-cms_portal/javascript/c_portal_service_public.js?v=1646158265842 (5)
[11684:15212:0302/021107.797:INFO:CONSOLE(170)] "result =>  [object Object]", source: https://one.cy.edu.tw/web-national_lib/javascript/menu_bar.js?v=1646158265842 (170)
[11684:15212:0302/021107.797:INFO:CONSOLE(187)] "---權限--- 3", source: https://one.cy.edu.tw/web-national_lib/javascript/menu_bar.js?v=1646158265842 (187)
[11684:15212:0302/021107.809:INFO:CONSOLE(113)] "[object Object]", source: https://one.cy.edu.tw/web-cms_portal/javascript/c_portal_public.js?v=1646158265842 (113)
[11684:15212:0302/021107.831:INFO:CONSOLE(193)] "result.list [object Object]", source: https://one.cy.edu.tw/web-national_lib/javascript/menu_bar.js?v=1646158265842 (193)
[11684:15212:0302/021108.003:INFO:CONSOLE(48)] "pub.school_obj =>  [object Object]", source: https://one.cy.edu.tw/web-cms_portal/javascript/hot_book/c_hot_book.js?v=1646158265842 (48)
[11684:15212:0302/021108.004:INFO:CONSOLE(66)] "chot.tab_list =>  [object Object],[object Object],[object Object],[object Object],[object Object],[object Object]", source: https://one.cy.edu.tw/web-cms_portal/javascript/hot_book/c_hot_book.js?v=1646158265842 (66)
[11684:15212:0302/021108.021:INFO:CONSOLE(305)] "---changeUrl [object Object]", source: https://one.cy.edu.tw/web-national_lib/javascript/menu_bar.js?v=1646158265842 (305)
[11684:15212:0302/021108.021:INFO:CONSOLE(361)] "main/main_.lending_timeX undefined", source: https://one.cy.edu.tw/web-national_lib/javascript/menu_bar.js?v=1646158265842 (361)
[11684:15212:0302/021108.021:INFO:CONSOLE(362)] "main/main_.return_timeX undefined", source: https://one.cy.edu.tw/web-national_lib/javascript/menu_bar.js?v=1646158265842 (362)
[11684:15212:0302/021108.026:INFO:CONSOLE(34)] "### cmsOtherCtrl ###  false", source: https://one.cy.edu.tw/web-cms_portal/javascript/other/c_other.js?v=1646158265842 (34)
[11684:15212:0302/021108.094:INFO:CONSOLE(32)] "---30 webNationalliblmlending---BB流通管理---locale TW", source: https://one.cy.edu.tw/web-national_lib/javascript/lendingManager/lm_lending.js?v=1646158265842 (32)
[11684:15212:0302/021109.229:INFO:CONSOLE(36)] "chot.bk_list =>  [object Object]", source: https://one.cy.edu.tw/web-cms_portal/javascript/hot_book/c_hot_book.js?v=1646158265842 (36)
[11684:15212:0302/021109.673:INFO:CONSOLE(104)] "---104 輸入讀者證號--- Q223009712", source: https://one.cy.edu.tw/web-national_lib/javascript/lendingManager/lm_lending.js?v=1646158265842 (104)
[11684:15212:0302/021109.731:INFO:CONSOLE(27)] "getWorkRank =>  [object Object]", source: https://one.cy.edu.tw/web-cms_portal/javascript/l_work_rk/l_work_rk.js?v=1646158265842 (27)
[11684:15212:0302/021109.777:INFO:CONSOLE(146)] "---clearLendingSession--- [object Object]", source: https://one.cy.edu.tw/web-national_lib/javascript/main.js?v=1646158265842 (146)
[11684:15212:0302/021109.796:INFO:CONSOLE(52)] "slides =>  [object HTMLCollection]", source: https://one.cy.edu.tw/web-cms_portal/javascript/newbook/c_newbook.js?v=1646158265842 (52)
[11684:15212:0302/021109.837:INFO:CONSOLE(130)] "讀者資料 [object Object]", source: https://one.cy.edu.tw/web-national_lib/javascript/lendingManager/lm_lending.js?v=1646158265842 (130)
[11684:15212:0302/021109.837:INFO:CONSOLE(147)] "picpath /web-national_lib/style/libpic/bighead_Girl.jpg", source: https://one.cy.edu.tw/web-national_lib/javascript/lendingManager/lm_lending.js?v=1646158265842 (147)
[11684:15212:0302/021109.837:INFO:CONSOLE(170)] "---125 跳書", source: https://one.cy.edu.tw/web-national_lib/javascript/lendingManager/lm_lending.js?v=1646158265842 (170)
[11684:15212:0302/021111.594:WARNING:pref_notifier_impl.cc(40)] Pref observer for media_router.cast_allow_all_ips found at shutdown.
